* using log directory 'C:/Users/m.vannee/Documents/Server/ecpc/ecpc/ecpc.Rcheck'
* using R version 3.6.3 (2020-02-29)
* using platform: x86_64-w64-mingw32 (64-bit)
* using session charset: ISO8859-1
* using options '--no-manual --as-cran'
* checking for file 'ecpc/DESCRIPTION' ... OK
* checking extension type ... Package
* this is package 'ecpc' version '1.0'
* checking package namespace information ... OK
* checking package dependencies ... OK
* checking if this is a source package ... OK
* checking if there is a namespace ... OK
* checking for executable files ... OK
* checking for hidden files and directories ... OK
* checking for portable file names ... OK
* checking serialization versions ... OK
* checking whether package 'ecpc' can be installed ... OK
* checking installed package size ... OK
* checking package directory ... OK
* checking for future file timestamps ... OK
* checking DESCRIPTION meta-information ... WARNING
Non-standard license specification:
  What license is it under?
Standardizable: FALSE
* checking top-level files ... NOTE
Non-standard file/directory found at top level:
  'Rplots.pdf'
* checking for left-over files ... OK
* checking index information ... OK
* checking package subdirectories ... OK
* checking R files for non-ASCII characters ... OK
* checking R files for syntax errors ... OK
* checking whether the package can be loaded ... OK
* checking whether the package can be loaded with stated dependencies ... OK
* checking whether the package can be unloaded cleanly ... OK
* checking whether the namespace can be loaded with stated dependencies ... OK
* checking whether the namespace can be unloaded cleanly ... OK
* checking loading without being on the library search path ... OK
* checking dependencies in R code ... OK
* checking S3 generic/method consistency ... OK
* checking replacement functions ... OK
* checking foreign function calls ... OK
* checking R code for possible problems ... NOTE
.IWLS: no visible binding for global variable 'p'
.IWLS: no visible binding for global variable 'LogData'
.IWLS: no visible binding for global variable 'lambda'
.IWLS: no visible binding for global variable 'mup'
.getWeightLeaves: no visible global function definition for '%>%'
.getWeightLeaves: no visible global function definition for 'group_by'
.getWeightLeaves: no visible binding for global variable 'Fold'
.getWeightLeaves: no visible global function definition for 'distinct'
.getWeightLeaves: no visible binding for global variable
  'originalLeafGrp'
.getWeightLeaves: no visible global function definition for 'select'
.getWeightLeaves: no visible binding for global variable 'Weight'
.getWeightLeaves: no visible binding for global variable 'newLeafGrp'
.getWeightLeaves: no visible global function definition for 'ungroup'
.getWeightLeaves: no visible global function definition for 'mutate'
cv.ecpc: no visible global function definition for 'makeCluster'
cv.ecpc: no visible global function definition for 'registerDoParallel'
cv.ecpc: no visible global function definition for '%dopar%'
cv.ecpc: no visible global function definition for 'foreach'
cv.ecpc: no visible global function definition for 'stopCluster'
cv.ecpc: no visible global function definition for '%>%'
cv.ecpc: no visible global function definition for 'group_by'
cv.ecpc: no visible binding for global variable 'Method'
cv.ecpc: no visible binding for global variable 'Fold'
cv.ecpc: no visible global function definition for 'summarise'
cv.ecpc: no visible binding for global variable 'Ypred'
cv.ecpc: no visible binding for global variable 'Truth'
cv.ecpc: no visible binding for global variable 'NumberSelectedVars'
cv.ecpc: no visible global function definition for 'ungroup'
cv.ecpc: no visible global function definition for 'roc'
cv.ecpc: no visible global function definition for 'auc'
cv.ecpc: no visible binding for global variable 'AUC'
ecpc: no visible global function definition for 'Surv'
ecpc : MoM : <anonymous>: possible error in length(indnot0, ind0):
  unused argument (ind0)
ecpc : MoM : taus: no visible global function definition for 'gam'
ecpc : MoM : RSSlambdatau : <anonymous>: no visible global function
  definition for 'gam'
ecpc : MoM : taus: no visible global function definition for 'solnp'
ecpc : MoM : RSSlambdatau : <anonymous>: no visible global function
  definition for 'solnp'
ecpc : MoM : taus: no visible binding for global variable 'indnot'
ecpc : MoM : taus: no visible binding for global variable 'fitTauin'
ecpc : MoM : RSSlambdatau: no visible global function definition for
  'solnp'
ecpc : MoM: no visible global function definition for 'solnp'
ecpc : MoM: no visible global function definition for 'Variable'
ecpc : MoM: no visible global function definition for 'Minimize'
ecpc : MoM: no visible global function definition for 'Problem'
ecpc : MoM: multiple local function definitions for 'penMSE' with
  different formal arguments
mlestlin : sim2: no visible global function definition for 'dmvnorm'
postSelect: no visible global function definition for 'sqrtm'
simDat: no visible global function definition for 'rmvnorm'
visualiseGrouping: no visible global function definition for '%>%'
visualiseGrouping: no visible global function definition for 'mutate'
visualiseGrouping: no visible binding for global variable 'name'
visualiseGrouping: no visible binding for global variable 'GrpWeight'
visualiseGrouping: no visible global function definition for
  'graph_from_data_frame'
visualiseGrouping: no visible global function definition for
  'create_layout'
visualiseGrouping: no visible global function definition for 'ggraph'
visualiseGrouping: no visible global function definition for
  'geom_node_label'
visualiseGrouping: no visible global function definition for 'aes'
visualiseGrouping: no visible binding for global variable 'name2'
visualiseGrouping: no visible binding for global variable 'Selected'
visualiseGrouping: no visible global function definition for
  'scale_fill_gradientn'
visualiseGrouping: no visible global function definition for
  'scale_color_manual'
visualiseGrouping: no visible global function definition for
  'theme_void'
visualiseGrouping: no visible binding for global variable 'from'
visualiseGrouping: no visible global function definition for
  'geom_edge_link'
visualiseGrouping: no visible binding for global variable
  'node1.visible'
visualiseGrouping: no visible global function definition for 'arrow'
visualiseGrouping: no visible global function definition for 'unit'
visualiseGrouping: no visible global function definition for 'circle'
visualiseGrouping: no visible global function definition for
  'scale_edge_alpha_discrete'
visualiseGrouping: no visible global function definition for
  'coord_cartesian'
visualiseGroupingweights: no visible global function definition for
  'ggplot'
visualiseGroupingweights: no visible global function definition for
  'aes'
visualiseGroupingweights: no visible binding for global variable
  'Grouping.weight'
visualiseGroupingweights: no visible global function definition for
  'geom_histogram'
visualiseGroupingweights: no visible binding for global variable
  'Grouping'
visualiseGroupingweights: no visible global function definition for
  'scale_fill_discrete'
visualiseGroupingweights: no visible global function definition for
  'labs'
visualiseGroupingweights: no visible global function definition for
  'theme_bw'
visualiseGroupingweights: no visible global function definition for
  'theme'
visualiseGroupingweights: no visible global function definition for
  'element_text'
visualiseGroupingweights: no visible global function definition for
  '%>%'
visualiseGroupingweights: no visible global function definition for
  'group_by'
visualiseGroupingweights: no visible global function definition for
  'summarise'
visualiseGroupingweights: no visible global function definition for
  'ungroup'
visualiseGroupingweights: no visible global function definition for
  'geom_linerange'
visualiseGroupingweights: no visible binding for global variable
  'q75Weight'
visualiseGroupingweights: no visible binding for global variable
  'q25Weight'
visualiseGroupingweights: no visible global function definition for
  'geom_point'
visualiseGroupingweights: no visible binding for global variable
  'minWeight'
visualiseGroupingweights: no visible binding for global variable
  'meanWeight'
visualiseGroupingweights: no visible binding for global variable
  'maxWeight'
visualiseGroupingweights: no visible global function definition for
  'scale_color_discrete'
visualiseGroupingweights: no visible binding for global variable 'Fold'
visualiseGroupingweights: no visible global function definition for
  'distinct'
visualiseGroupingweights: no visible global function definition for
  'geom_boxplot'
visualiseGroupingweights: no visible global function definition for
  'geom_jitter'
visualiseGroupweights: no visible global function definition for '%>%'
visualiseGroupweights: no visible global function definition for
  'group_by'
visualiseGroupweights: no visible binding for global variable 'Group'
visualiseGroupweights: no visible global function definition for
  'summarise'
visualiseGroupweights: no visible binding for global variable
  'Group.weight'
visualiseGroupweights: no visible global function definition for
  'ungroup'
visualiseGroupweights: no visible global function definition for
  'ggplot'
visualiseGroupweights: no visible global function definition for
  'geom_hline'
visualiseGroupweights: no visible global function definition for
  'geom_linerange'
visualiseGroupweights: no visible global function definition for 'aes'
visualiseGroupweights: no visible binding for global variable
  'q75Weight'
visualiseGroupweights: no visible binding for global variable
  'q25Weight'
visualiseGroupweights: no visible global function definition for
  'geom_point'
visualiseGroupweights: no visible binding for global variable
  'minWeight'
visualiseGroupweights: no visible binding for global variable
  'meanWeight'
visualiseGroupweights: no visible binding for global variable
  'maxWeight'
visualiseGroupweights: no visible global function definition for 'labs'
visualiseGroupweights: no visible global function definition for
  'theme_bw'
visualiseGroupweights: no visible global function definition for
  'theme'
visualiseGroupweights: no visible global function definition for
  'element_text'
visualiseGroupweights: no visible global function definition for
  'geom_boxplot'
visualiseGroupweights: no visible global function definition for
  'geom_jitter'
visualiseGroupweights: no visible binding for global variable
  'newLeafGrp'
visualiseGroupweights: no visible binding for global variable
  'Continuous.values'
visualiseGroupweights: no visible binding for global variable 'Weight'
visualiseGroupweights: no visible binding for global variable
  'originalLeafGrp'
visualiseGroupweights: no visible binding for global variable
  'q50Value'
visualiseGroupweights: no visible global function definition for
  'geom_segment'
visualiseGroupweights: no visible binding for global variable
  'minValue'
visualiseGroupweights: no visible binding for global variable
  'maxValue'
visualiseGroupweights: no visible binding for global variable
  'q50Weight'
visualiseGroupweights: no visible global function definition for
  'scale_color_discrete'
visualiseGroupweights: no visible binding for global variable 'Fold'
visualiseGroupweights: no visible global function definition for
  'distinct'
visualiseGroupweights: no visible binding for global variable
  'MedianGroupValue'
Undefined global functions or variables:
  %>% %dopar% AUC Continuous.values Fold Group Group.weight Grouping
  Grouping.weight GrpWeight LogData MedianGroupValue Method Minimize
  NumberSelectedVars Problem Selected Surv Truth Variable Weight Ypred
  aes arrow auc circle coord_cartesian create_layout distinct dmvnorm
  element_text fitTauin foreach from gam geom_boxplot geom_edge_link
  geom_histogram geom_hline geom_jitter geom_linerange geom_node_label
  geom_point geom_segment ggplot ggraph graph_from_data_frame group_by
  indnot labs lambda makeCluster maxValue maxWeight meanWeight minValue
  minWeight mup mutate name name2 newLeafGrp node1.visible
  originalLeafGrp p q25Weight q50Value q50Weight q75Weight
  registerDoParallel rmvnorm roc scale_color_discrete
  scale_color_manual scale_edge_alpha_discrete scale_fill_discrete
  scale_fill_gradientn select solnp sqrtm stopCluster summarise theme
  theme_bw theme_void ungroup unit
* checking Rd files ... NOTE
prepare_Rd: cv.ecpc.Rd:45-47: Dropping empty section \details
prepare_Rd: cv.ecpc.Rd:66-68: Dropping empty section \note
prepare_Rd: cv.ecpc.Rd:63-65: Dropping empty section \author
prepare_Rd: cv.ecpc.Rd:60-62: Dropping empty section \references
prepare_Rd: cv.ecpc.Rd:72-74: Dropping empty section \seealso
prepare_Rd: ecpc-package.Rd:24-25: Dropping empty section \references
prepare_Rd: ecpc-package.Rd:26-28: Dropping empty section \seealso
prepare_Rd: ecpc-package.Rd:29-31: Dropping empty section \examples
prepare_Rd: ecpc.Rd:114-116: Dropping empty section \details
prepare_Rd: ecpc.Rd:154-156: Dropping empty section \note
prepare_Rd: ecpc.Rd:147-149: Dropping empty section \references
prepare_Rd: ecpc.Rd:160-162: Dropping empty section \seealso
prepare_Rd: hierarchicalLasso.Rd:56-58: Dropping empty section \note
prepare_Rd: hierarchicalLasso.Rd:53-55: Dropping empty section \author
prepare_Rd: hierarchicalLasso.Rd:62-64: Dropping empty section \seealso
prepare_Rd: hierarchicalLasso.Rd:65-67: Dropping empty section \examples
prepare_Rd: mlestlin.Rd:41-43: Dropping empty section \details
prepare_Rd: mlestlin.Rd:58-60: Dropping empty section \note
prepare_Rd: mlestlin.Rd:55-57: Dropping empty section \author
prepare_Rd: mlestlin.Rd:52-54: Dropping empty section \references
prepare_Rd: mlestlin.Rd:64-66: Dropping empty section \seealso
prepare_Rd: mlestlin.Rd:67-68: Dropping empty section \examples
prepare_Rd: obtainHierarchy.Rd:52-54: Dropping empty section \note
prepare_Rd: obtainHierarchy.Rd:49-51: Dropping empty section \author
prepare_Rd: postSelect.Rd:77-79: Dropping empty section \details
prepare_Rd: postSelect.Rd:100-102: Dropping empty section \note
prepare_Rd: postSelect.Rd:97-99: Dropping empty section \author
prepare_Rd: postSelect.Rd:94-96: Dropping empty section \references
prepare_Rd: postSelect.Rd:106-108: Dropping empty section \seealso
prepare_Rd: postSelect.Rd:109-110: Dropping empty section \examples
prepare_Rd: prmsIGMode1.Rd:26-28: Dropping empty section \details
prepare_Rd: prmsIGMode1.Rd:29-35: Dropping empty section \value
prepare_Rd: prmsIGMode1.Rd:42-44: Dropping empty section \note
prepare_Rd: prmsIGMode1.Rd:39-41: Dropping empty section \author
prepare_Rd: prmsIGMode1.Rd:36-38: Dropping empty section \references
prepare_Rd: prmsIGMode1.Rd:48-50: Dropping empty section \seealso
prepare_Rd: prmsIGMode1.Rd:51-52: Dropping empty section \examples
prepare_Rd: produceFolds.Rd:43-45: Dropping empty section \details
prepare_Rd: produceFolds.Rd:46-52: Dropping empty section \value
prepare_Rd: produceFolds.Rd:59-61: Dropping empty section \note
prepare_Rd: produceFolds.Rd:56-58: Dropping empty section \author
prepare_Rd: produceFolds.Rd:53-55: Dropping empty section \references
prepare_Rd: produceFolds.Rd:65-67: Dropping empty section \seealso
prepare_Rd: produceFolds.Rd:68-70: Dropping empty section \examples
prepare_Rd: simDat.Rd:54-56: Dropping empty section \details
prepare_Rd: simDat.Rd:76-78: Dropping empty section \note
prepare_Rd: simDat.Rd:73-75: Dropping empty section \author
prepare_Rd: simDat.Rd:70-72: Dropping empty section \references
prepare_Rd: simDat.Rd:82-84: Dropping empty section \seealso
prepare_Rd: splitMedian.Rd:44-46: Dropping empty section \details
prepare_Rd: splitMedian.Rd:61-63: Dropping empty section \note
prepare_Rd: splitMedian.Rd:58-60: Dropping empty section \author
prepare_Rd: splitMedian.Rd:55-57: Dropping empty section \references
prepare_Rd: visualiseGrouping.Rd:38-40: Dropping empty section \details
prepare_Rd: visualiseGrouping.Rd:56-58: Dropping empty section \note
prepare_Rd: visualiseGrouping.Rd:53-55: Dropping empty section \author
prepare_Rd: visualiseGrouping.Rd:50-52: Dropping empty section \references
prepare_Rd: visualiseGroupingweights.Rd:50-52: Dropping empty section \details
prepare_Rd: visualiseGroupingweights.Rd:67-69: Dropping empty section \note
prepare_Rd: visualiseGroupingweights.Rd:64-66: Dropping empty section \author
prepare_Rd: visualiseGroupingweights.Rd:61-63: Dropping empty section \references
prepare_Rd: visualiseGroupweights.Rd:59-61: Dropping empty section \details
prepare_Rd: visualiseGroupweights.Rd:76-78: Dropping empty section \note
prepare_Rd: visualiseGroupweights.Rd:73-75: Dropping empty section \author
prepare_Rd: visualiseGroupweights.Rd:70-72: Dropping empty section \references
* checking Rd metadata ... OK
* checking Rd line widths ... NOTE
Rd file 'cv.ecpc.Rd':
  \examples lines wider than 100 characters:
     # cv.fit$dfCVM #data frame with the cross-validated performance for ecpc with/without posterior selection and ordinary ridge
     # visualiseGroupingweights(dfGrps = cv.fit$dfGrps,GroupingNames = c("random","hierarchical"),boxplot=F)
     # visualiseGroupweights(dfGrps = cv.fit$dfGrps[cv.fit$dfGrps$Grouping==1,],Grouping=groupingRandom,boxplot = F)
     # visualiseGroupweights(dfGrps = cv.fit$dfGrps[cv.fit$dfGrps$Grouping==2,],Grouping=groupingHierarchical,
     #                       values=continuousCodata,grouping.grouplvl = hierarchy.grouplevel,boxplot = F)
     #                   groupweights = cv.fit$dfGrps$Group.weight[cv.fit$dfGrps$Grouping==2&cv.fit$dfGrps$Fold==fold]) 

Rd file 'obtainHierarchy.Rd':
  \examples lines wider than 100 characters:
     grouping <- splitMedian(values=cont.codata,split="lower",minGroupSize=5) #only split at lower continous co-data group

Rd file 'simDat.Rd':
  \usage lines wider than 90 characters:
     simDat(n, p, n2 = 20, muGrp, varGrp, indT, sigma = 1, model = c("linear","logistic"), flag = F)
  \examples lines wider than 100 characters:
     # indT <- rep(c(1,2),each=15) #group number of each covariate; first half in group 1, second half in group 2

Rd file 'splitMedian.Rd':
  \examples lines wider than 100 characters:
     grouping2 <- splitMedian(values=cont.codata,split="lower",minGroupSize=5) #only split at lower continous co-data group
     grouping3 <- splitMedian(values=cont.codata[part],index=part,minGroupSize=5) #make grouping of non-missing values

Rd file 'visualiseGrouping.Rd':
  \examples lines wider than 100 characters:
     # hierarchicalgrouping <- splitMedian(values=cont.codata,split="lower",minGroupSize=5) #only split at lower continous co-data group
     # grouping.grouplvl <- obtainHierarchy(hierarchicalgrouping) #obtain groups on group level defining the hierarchy

Rd file 'visualiseGroupweights.Rd':
  \examples lines wider than 100 characters:
     # grouping2 <- splitMedian(values=cont.codata,split="lower",minGroupSize=10) #only split at lower continous co-data group
     # grouping.grouplvl <- obtainHierarchy(grouping2) #obtain groups on group level defining the hierarchy
     # visualiseGroupweights(dfGrps2, Grouping=grouping2, grouping.grouplvl=grouping.grouplvl) #plot group weights per group
     #                       values=cont.codata) #plot group weights per leaf group in the hierarchical tree

These lines will be truncated in the PDF manual.
* checking Rd cross-references ... OK
* checking for missing documentation entries ... OK
* checking for code/documentation mismatches ... WARNING
Codoc mismatches from documentation object 'cv.ecpc':
cv.ecpc
  Code: function(Y, X, type.measure = "MSE", outerfolds = 10, lambdas =
                 NULL, ncores = 1, balance = T, ...)
  Docs: function(Y, X, type.measure = c("MSE", "AUC"), outerfolds = 10,
                 lambdas = NULL, ncores = 1, balance = T, ...)
  Mismatches in argument default values:
    Name: 'type.measure' Code: "MSE" Docs: c("MSE", "AUC")

Codoc mismatches from documentation object 'ecpc':
ecpc
  Code: function(Y, X, groupings, groupings.grouplvl = NaN,
                 hypershrinkage, unpen = NULL, intrcpt = T, model,
                 postselection = "elnet+dense", maxsel = 10, lambda =
                 "CV", fold = 10, sigmasq = NaN, w = NaN, nsplits =
                 100, weights = T, profplotRSS = F, Y2 = NaN, X2 = NaN,
                 compare = T, mu = F, normalise = F)
  Docs: function(Y, X, groupings, groupings.grouplvl = NaN,
                 hypershrinkage = c("ridge", "lasso", "hierLasso",
                 "lasso,ridge", "hierLasso,ridge"), unpen = NULL,
                 intrcpt = TRUE, model = c("linear", "logistic",
                 "cox"), postselection = "elnet,dense", maxsel = 10,
                 lambda = "CV", fold = 10, sigmasq = NaN, w = NaN,
                 nsplits = 100, weights = TRUE, profplotRSS = F, Y2 =
                 NaN, X2 = NaN, compare = TRUE, mu = FALSE, normalise =
                 FALSE)
  Mismatches in argument default values (first 3):
    Name: 'hypershrinkage' Code:  Docs: c("ridge", "lasso", "hierLasso", "lasso,ridge", "hierLasso,ridge")
    Name: 'intrcpt' Code: T Docs: TRUE
    Name: 'model' Code:  Docs: c("linear", "logistic", "cox")

Codoc mismatches from documentation object 'postSelect':
postSelect
  Code: function(X, Y, beta, intrcpt = 0, penfctr, postselection =
                 "elnet+dense", maxsel = 30, penalties, model,
                 tauglobal, sigmahat = 1, muhatp = 0, X2 = NaN, Y2 =
                 NaN)
  Docs: function(X, Y, beta, intrcpt = 0, penfctr, postselection =
                 c("elnet+dense", "elnet+sparse", "BRmarginal,dense",
                 "BRmarginal,sparse", "DSS"), maxsel = 30, penalties,
                 model = c("linear", "logistic", "cox"), tauglobal,
                 sigmahat = 1, muhatp = 0, X2 = NaN, Y2 = NaN)
  Mismatches in argument default values:
    Name: 'postselection'
    Code: "elnet+dense"
    Docs: c("elnet+dense", "elnet+sparse", "BRmarginal,dense", "BRmarginal,sparse", 
          "DSS")
    Name: 'model' Code:  Docs: c("linear", "logistic", "cox")

Codoc mismatches from documentation object 'produceFolds':
produceFolds
  Code: function(nsam, outerfold, response, model = "logistic", balance
                 = TRUE, fixedfolds = F)
  Docs: function(nsam, outerfold, response, model = c("logistic",
                 "survival", "other"), balance = TRUE, fixedfolds = F)
  Mismatches in argument default values:
    Name: 'model' Code: "logistic" Docs: c("logistic", "survival", "other")

Codoc mismatches from documentation object 'simDat':
simDat
  Code: function(n, p, n2 = 20, muGrp, varGrp, indT, sigma = 1, model =
                 "linear", flag = F)
  Docs: function(n, p, n2 = 20, muGrp, varGrp, indT, sigma = 1, model =
                 c("linear", "logistic"), flag = F)
  Mismatches in argument default values:
    Name: 'model' Code: "linear" Docs: c("linear", "logistic")

* checking Rd \usage sections ... OK
* checking Rd contents ... OK
* checking for unstated dependencies in examples ... OK
* checking examples ... ERROR
Running examples in 'ecpc-Ex.R' failed
The error most likely occurred in:

> base::assign(".ptime", proc.time(), pos = "CheckExEnv")
> ### Name: cv.ecpc
> ### Title: Cross-validation for ecpc
> ### Aliases: cv.ecpc
> 
> ### ** Examples
> 
> #####################
> # Simulate toy data #
> #####################
> p<-300 #number of covariates
> n<-100 #sample size training data set
> n2<-100 #sample size test data set
> 
> #simulate all betas i.i.d. from beta_k~N(mean=0,sd=sqrt(0.1)):
> muBeta<-0 #prior mean
> varBeta<-0.1 #prior variance
> indT1<-rep(1,p) #vector with group numbers all 1 (all simulated from same normal distribution)
> 
> #simulate test and training data sets:
> Dat<-simDat(n,p,n2,muBeta,varBeta,indT1,sigma=1,model='linear') 
Error in rmvnorm(n, rep(0, p), diag(rep(1, p))) : 
  could not find function "rmvnorm"
Calls: simDat
Execution halted
* checking for detritus in the temp directory ... OK
* DONE
Status: 1 ERROR, 2 WARNINGs, 4 NOTEs
